<?xml version="1.0" encoding="UTF-8"?>
<!-- Generated by org.testng.reporters.JUnitReportReporter -->
<testsuite hostname="LAPTOP-GSAAFOHU" failures="0" tests="1" name="testCases.LoginTest" time="8.768" errors="0" timestamp="04 Aug 2024 15:13:59 GMT" skipped="0">
  <testcase classname="testCases.LoginTest" name="TC05_LoginFailureTest" time="8.768"/>
</testsuite> <!-- testCases.LoginTest -->
