<?xml version="1.0" encoding="UTF-8"?>
<!-- Generated by org.testng.reporters.JUnitReportReporter -->
<testsuite hostname="LAPTOP-GSAAFOHU" failures="0" tests="2" name="testCases.LoginTest" time="53.502" errors="0" timestamp="06 Oct 2024 16:49:09 GMT" skipped="0">
  <testcase classname="testCases.LoginTest" name="TC02_LoginSuccessTest" time="14.450"/>
  <testcase classname="testCases.LoginTest" name="TC01_LoginFailureTest" time="39.052"/>
</testsuite> <!-- testCases.LoginTest -->
