<?xml version="1.0" encoding="UTF-8"?>
<!-- Generated by org.testng.reporters.JUnitReportReporter -->
<testsuite hostname="LAPTOP-GSAAFOHU" failures="0" tests="2" name="testCases.LoginTest" time="22.254" errors="0" timestamp="06 Oct 2024 15:26:06 GMT" skipped="0">
  <testcase classname="testCases.LoginTest" name="TC02_LoginSuccessTest" time="9.578"/>
  <testcase classname="testCases.LoginTest" name="TC01_LoginFailureTest" time="12.676"/>
</testsuite> <!-- testCases.LoginTest -->
